[    0.000000] Initializing cgroup subsys cpuset
[    0.000000] Initializing cgroup subsys cpu
[    0.000000] Initializing cgroup subsys cpuacct
[    0.000000] Linux version 4.4.0-210-generic (buildd@lgw01-amd64-009) (gcc version 5.4.0 20160609 (Ubuntu 5.4.0-6ubuntu1~16.04.12) ) #242-Ubuntu SMP Fri Apr 16 09:57:56 UTC 2021 (Ubuntu 4.4.0-210.242-generic 4.4.262)
[    0.000000] Command line: BOOT_IMAGE=/boot/vmlinuz-4.4.0-210-generic root=LABEL=cloudimg-rootfs ro console=tty1 console=ttyS0
[    0.000000] KERNEL supported cpus:
[    0.000000]   Intel GenuineIntel
[    0.000000]   AMD AuthenticAMD
[    0.000000]   Centaur CentaurHauls
[    0.000000] x86/fpu: xstate_offset[2]:  576, xstate_sizes[2]:  256
[    0.000000] x86/fpu: Supporting XSAVE feature 0x01: 'x87 floating point registers'
[    0.000000] x86/fpu: Supporting XSAVE feature 0x02: 'SSE registers'
[    0.000000] x86/fpu: Supporting XSAVE feature 0x04: 'AVX registers'
[    0.000000] x86/fpu: Enabled xstate features 0x7, context size is 832 bytes, using 'standard' format.
[    0.000000] e820: BIOS-provided physical RAM map:
[    0.000000] BIOS-e820: [mem 0x0000000000000000-0x000000000009fbff] usable
[    0.000000] BIOS-e820: [mem 0x000000000009fc00-0x000000000009ffff] reserved
[    0.000000] BIOS-e820: [mem 0x00000000000f0000-0x00000000000fffff] reserved
[    0.000000] BIOS-e820: [mem 0x0000000000100000-0x000000003ffeffff] usable
[    0.000000] BIOS-e820: [mem 0x000000003fff0000-0x000000003fffffff] ACPI data
[    0.000000] BIOS-e820: [mem 0x00000000fec00000-0x00000000fec00fff] reserved
[    0.000000] BIOS-e820: [mem 0x00000000fee00000-0x00000000fee00fff] reserved
[    0.000000] BIOS-e820: [mem 0x00000000fffc0000-0x00000000ffffffff] reserved
[    0.000000] NX (Execute Disable) protection: active
[    0.000000] SMBIOS 2.5 present.
[    0.000000] Hypervisor detected: KVM
[    0.000000] e820: last_pfn = 0x3fff0 max_arch_pfn = 0x400000000
[    0.000000] MTRR: Disabled
[    0.000000] x86/PAT: MTRRs disabled, skipping PAT initialization too.
[    0.000000] CPU MTRRs all blank - virtualized system.
[    0.000000] x86/PAT: Configuration [0-7]: WB  WT  UC- UC  WB  WT  UC- UC  
[    0.000000] found SMP MP-table at [mem 0x0009fff0-0x0009ffff] mapped at [ffff88000009fff0]
[    0.000000] Scanning 1 areas for low memory corruption
[    0.000000] RAMDISK: [mem 0x362dc000-0x37165fff]
[    0.000000] ACPI: Early table checksum verification disabled
[    0.000000] ACPI: RSDP 0x00000000000E0000 000024 (v02 VBOX  )
[    0.000000] ACPI: XSDT 0x000000003FFF0030 00003C (v01 VBOX   VBOXXSDT 00000001 ASL  00000061)
[    0.000000] ACPI: FACP 0x000000003FFF00F0 0000F4 (v04 VBOX   VBOXFACP 00000001 ASL  00000061)
[    0.000000] ACPI: DSDT 0x000000003FFF0470 002325 (v02 VBOX   VBOXBIOS 00000002 INTL 20190509)
[    0.000000] ACPI: FACS 0x000000003FFF0200 000040
[    0.000000] ACPI: FACS 0x000000003FFF0200 000040
[    0.000000] ACPI: APIC 0x000000003FFF0240 00005C (v02 VBOX   VBOXAPIC 00000001 ASL  00000061)
[    0.000000] ACPI: SSDT 0x000000003FFF02A0 0001CC (v01 VBOX   VBOXCPUT 00000002 INTL 20190509)
[    0.000000] No NUMA configuration found
[    0.000000] Faking a node at [mem 0x0000000000000000-0x000000003ffeffff]
[    0.000000] NODE_DATA(0) allocated [mem 0x3ffeb000-0x3ffeffff]
[    0.000000] kvm-clock: Using msrs 4b564d01 and 4b564d00
[    0.000000] kvm-clock: cpu 0, msr 0:3ffe3001, primary cpu clock
[    0.000000] kvm-clock: using sched offset of 2925498582 cycles
[    0.000000] clocksource: kvm-clock: mask: 0xffffffffffffffff max_cycles: 0x1cd42e4dffb, max_idle_ns: 881590591483 ns
[    0.000000] Zone ranges:
[    0.000000]   DMA      [mem 0x0000000000001000-0x0000000000ffffff]
[    0.000000]   DMA32    [mem 0x0000000001000000-0x000000003ffeffff]
[    0.000000]   Normal   empty
[    0.000000]   Device   empty
[    0.000000] Movable zone start for each node
[    0.000000] Early memory node ranges
[    0.000000]   node   0: [mem 0x0000000000001000-0x000000000009efff]
[    0.000000]   node   0: [mem 0x0000000000100000-0x000000003ffeffff]
[    0.000000] Initmem setup node 0 [mem 0x0000000000001000-0x000000003ffeffff]
[    0.000000] ACPI: PM-Timer IO Port: 0x4008
[    0.000000] IOAPIC[0]: apic_id 2, version 32, address 0xfec00000, GSI 0-23
[    0.000000] ACPI: INT_SRC_OVR (bus 0 bus_irq 0 global_irq 2 dfl dfl)
[    0.000000] ACPI: INT_SRC_OVR (bus 0 bus_irq 9 global_irq 9 low level)
[    0.000000] Using ACPI (MADT) for SMP configuration information
[    0.000000] smpboot: Allowing 2 CPUs, 0 hotplug CPUs
[    0.000000] PM: Registered nosave memory: [mem 0x00000000-0x00000fff]
[    0.000000] PM: Registered nosave memory: [mem 0x0009f000-0x0009ffff]
[    0.000000] PM: Registered nosave memory: [mem 0x000a0000-0x000effff]
[    0.000000] PM: Registered nosave memory: [mem 0x000f0000-0x000fffff]
[    0.000000] e820: [mem 0x40000000-0xfebfffff] available for PCI devices
[    0.000000] Booting paravirtualized kernel on KVM
[    0.000000] clocksource: refined-jiffies: mask: 0xffffffff max_cycles: 0xffffffff, max_idle_ns: 7645519600211568 ns
[    0.000000] setup_percpu: NR_CPUS:512 nr_cpumask_bits:512 nr_cpu_ids:2 nr_node_ids:1
[    0.000000] PERCPU: Embedded 33 pages/cpu @ffff88003fc00000 s95192 r8192 d31784 u1048576
[    0.000000] Built 1 zonelists in Node order, mobility grouping on.  Total pages: 257912
[    0.000000] Policy zone: DMA32
[    0.000000] Kernel command line: BOOT_IMAGE=/boot/vmlinuz-4.4.0-210-generic root=LABEL=cloudimg-rootfs ro console=tty1 console=ttyS0
[    0.000000] PID hash table entries: 4096 (order: 3, 32768 bytes)
[    0.000000] Memory: 997792K/1048120K available (8644K kernel code, 1332K rwdata, 4044K rodata, 1492K init, 1164K bss, 50328K reserved, 0K cma-reserved)
[    0.000000] SLUB: HWalign=64, Order=0-3, MinObjects=0, CPUs=2, Nodes=1
[    0.000000] Kernel/User page tables isolation: enabled
[    0.000000] Hierarchical RCU implementation.
[    0.000000] 	Build-time adjustment of leaf fanout to 64.
[    0.000000] 	RCU restricting CPUs from NR_CPUS=512 to nr_cpu_ids=2.
[    0.000000] RCU: Adjusting geometry for rcu_fanout_leaf=64, nr_cpu_ids=2
[    0.000000] NR_IRQS:33024 nr_irqs:440 16
[    0.000000] Console: colour VGA+ 80x25
[    0.000000] console [tty1] enabled
[    0.000000] console [ttyS0] enabled
[    0.000000] tsc: Detected 1804.799 MHz processor
[    0.087680] Calibrating delay loop (skipped) preset value.. 3609.59 BogoMIPS (lpj=7219196)
[    0.088897] pid_max: default: 32768 minimum: 301
[    0.089551] ACPI: Core revision 20150930
[    0.090641] ACPI: 2 ACPI AML tables successfully acquired and loaded
[    0.091574] Security Framework initialized
[    0.092171] Yama: becoming mindful.
[    0.092723] AppArmor: AppArmor initialized
[    0.093316] Dentry cache hash table entries: 131072 (order: 8, 1048576 bytes)
[    0.094900] Inode-cache hash table entries: 65536 (order: 7, 524288 bytes)
[    0.095850] Mount-cache hash table entries: 2048 (order: 2, 16384 bytes)
[    0.096667] Mountpoint-cache hash table entries: 2048 (order: 2, 16384 bytes)
[    0.097662] Initializing cgroup subsys io
[    0.098247] Initializing cgroup subsys memory
[    0.098873] Initializing cgroup subsys devices
[    0.099541] Initializing cgroup subsys freezer
[    0.100175] Initializing cgroup subsys net_cls
[    0.100824] Initializing cgroup subsys perf_event
[    0.101496] Initializing cgroup subsys net_prio
[    0.102144] Initializing cgroup subsys hugetlb
[    0.102776] Initializing cgroup subsys pids
[    0.107773] mce: CPU supports 0 MCE banks
[    0.108335] Last level iTLB entries: 4KB 0, 2MB 0, 4MB 0
[    0.109057] Last level dTLB entries: 4KB 0, 2MB 0, 4MB 0, 1GB 0
[    0.109837] Spectre V1 : Mitigation: usercopy/swapgs barriers and __user pointer sanitization
[    0.111028] Spectre V2 : Mitigation: Full generic retpoline
[    0.111804] Spectre V2 : Spectre v2 / SpectreRSB mitigation: Filling RSB on context switch
[    0.112971] Speculative Store Bypass: Vulnerable
[    0.113688] MDS: Mitigation: Clear CPU buffers
[    0.116383] Freeing SMP alternatives memory: 36K
[    0.121444] ftrace: allocating 32380 entries in 127 pages
[    0.168715] smpboot: APIC(0) Converting physical 0 to logical package 0
[    0.169644] smpboot: Max logical packages: 1
[    0.170459] x2apic enabled
[    0.171125] Switched APIC routing to physical x2apic.
[    0.172724] ..TIMER: vector=0x30 apic1=0 pin1=2 apic2=-1 pin2=-1
[    0.281615] smpboot: CPU0: 11th Gen Intel(R) Core(TM) i7-1185G7 @ 3.00GHz (family: 0x6, model: 0x8c, stepping: 0x1)
[    0.283722] Performance Events: unsupported p6 CPU model 140 no PMU driver, software events only.
[    0.293205] KVM setup paravirtual spinlock
[    0.294937] x86: Booting SMP configuration:
[    0.296226] .... node  #0, CPUs:      #1
[    0.296890] kvm-clock: cpu 1, msr 0:3ffe3041, secondary cpu clock
[    0.302283] mce: CPU supports 0 MCE banks
[    0.304707] x86: Booted up 1 node, 2 CPUs
[    0.305483] smpboot: Total of 2 processors activated (7219.19 BogoMIPS)
[    0.306681] devtmpfs: initialized
[    0.308033] evm: security.selinux
[    0.308521] evm: security.SMACK64
[    0.309066] evm: security.SMACK64EXEC
[    0.309627] evm: security.SMACK64TRANSMUTE
[    0.310201] evm: security.SMACK64MMAP
[    0.310763] evm: security.ima
[    0.311209] evm: security.capability
[    0.311863] clocksource: jiffies: mask: 0xffffffff max_cycles: 0xffffffff, max_idle_ns: 7645041785100000 ns
[    0.313219] futex hash table entries: 512 (order: 3, 32768 bytes)
[    0.314141] pinctrl core: initialized pinctrl subsystem
[    0.314947] RTC time: 21:14:09, date: 01/31/22
[    0.315771] NET: Registered protocol family 16
[    0.328657] cpuidle: using governor ladder
[    0.338010] cpuidle: using governor menu
[    0.338542] PCCT header not found.
[    0.339063] ACPI: bus type PCI registered
[    0.339566] acpiphp: ACPI Hot Plug PCI Controller Driver version: 0.5
[    0.340346] PCI: Using configuration type 1 for base access
[    0.350522] ACPI: Added _OSI(Module Device)
[    0.351097] ACPI: Added _OSI(Processor Device)
[    0.351630] ACPI: Added _OSI(3.0 _SCP Extensions)
[    0.352182] ACPI: Added _OSI(Processor Aggregator Device)
[    0.353273] ACPI: Executed 1 blocks of module-level executable AML code
[    0.355477] ACPI: Interpreter enabled
[    0.355964] ACPI: (supports S0 S5)
[    0.356397] ACPI: Using IOAPIC for interrupt routing
[    0.357080] PCI: Using host bridge windows from ACPI; if necessary, use "pci=nocrs" and report a bug
[    0.360374] ACPI: PCI Root Bridge [PCI0] (domain 0000 [bus 00-ff])
[    0.361081] acpi PNP0A03:00: _OSC: OS supports [ASPM ClockPM Segments MSI]
[    0.362043] acpi PNP0A03:00: _OSC: not requesting OS control; OS requires [ExtendedConfig ASPM ClockPM MSI]
[    0.363208] acpi PNP0A03:00: fail to add MMCONFIG information, can't access extended PCI configuration space under this bridge.
[    0.364661] PCI host bridge to bus 0000:00
[    0.365163] pci_bus 0000:00: root bus resource [io  0x0000-0x0cf7 window]
[    0.365881] pci_bus 0000:00: root bus resource [io  0x0d00-0xffff window]
[    0.366617] pci_bus 0000:00: root bus resource [mem 0x000a0000-0x000bffff window]
[    0.367515] pci_bus 0000:00: root bus resource [mem 0x40000000-0xfdffffff window]
[    0.368378] pci_bus 0000:00: root bus resource [bus 00-ff]
[    0.369898] pci 0000:00:01.1: legacy IDE quirk: reg 0x10: [io  0x01f0-0x01f7]
[    0.370685] pci 0000:00:01.1: legacy IDE quirk: reg 0x14: [io  0x03f6]
[    0.371384] pci 0000:00:01.1: legacy IDE quirk: reg 0x18: [io  0x0170-0x0177]
[    0.372133] pci 0000:00:01.1: legacy IDE quirk: reg 0x1c: [io  0x0376]
[    0.385025] pci 0000:00:07.0: quirk: [io  0x4000-0x403f] claimed by PIIX4 ACPI
[    0.385962] pci 0000:00:07.0: quirk: [io  0x4100-0x410f] claimed by PIIX4 SMB
[    0.390402] ACPI: PCI Interrupt Link [LNKA] (IRQs 5 9 10 *11)
[    0.391426] ACPI: PCI Interrupt Link [LNKB] (IRQs 5 9 *10 11)
[    0.392344] ACPI: PCI Interrupt Link [LNKC] (IRQs 5 *9 10 11)
[    0.393250] ACPI: PCI Interrupt Link [LNKD] (IRQs 5 9 10 *11)
[    0.394172] ACPI: Enabled 2 GPEs in block 00 to 07
[    0.394960] vgaarb: setting as boot device: PCI:0000:00:02.0
[    0.395592] vgaarb: device added: PCI:0000:00:02.0,decodes=io+mem,owns=io+mem,locks=none
[    0.396554] vgaarb: loaded
[    0.396940] vgaarb: bridge control possible 0000:00:02.0
[    0.397715] SCSI subsystem initialized
[    0.398275] ACPI: bus type USB registered
[    0.398805] usbcore: registered new interface driver usbfs
[    0.399427] usbcore: registered new interface driver hub
[    0.400030] usbcore: registered new device driver usb
[    0.401208] PCI: Using ACPI for IRQ routing
[    0.401928] NetLabel: Initializing
[    0.402412] NetLabel:  domain hash size = 128
[    0.402934] NetLabel:  protocols = UNLABELED CIPSOv4
[    0.403515] NetLabel:  unlabeled traffic allowed by default
[    0.404208] amd_nb: Cannot enumerate AMD northbridges
[    0.404824] clocksource: Switched to clocksource kvm-clock
[    0.409997] AppArmor: AppArmor Filesystem Enabled
[    0.410636] pnp: PnP ACPI init
[    0.411510] pnp: PnP ACPI: found 3 devices
[    0.418808] clocksource: acpi_pm: mask: 0xffffff max_cycles: 0xffffff, max_idle_ns: 2085701024 ns
[    0.420269] NET: Registered protocol family 2
[    0.420965] TCP established hash table entries: 8192 (order: 4, 65536 bytes)
[    0.421728] TCP bind hash table entries: 8192 (order: 5, 131072 bytes)
[    0.422451] TCP: Hash tables configured (established 8192 bind 8192)
[    0.423164] UDP hash table entries: 512 (order: 2, 16384 bytes)
[    0.423827] UDP-Lite hash table entries: 512 (order: 2, 16384 bytes)
[    0.424546] NET: Registered protocol family 1
[    0.425100] pci 0000:00:00.0: Limiting direct PCI/PCI transfers
[    0.425793] pci 0000:00:01.0: Activating ISA DMA hang workarounds
[    0.426558] Unpacking initramfs...
[    0.564992] Freeing initrd memory: 14888K
[    0.565691] clocksource: tsc: mask: 0xffffffffffffffff max_cycles: 0x1a03dee96fa, max_idle_ns: 440795213645 ns
[    0.566839] platform rtc_cmos: registered platform RTC device (no PNP device found)
[    0.567795] Scanning for low memory corruption every 60 seconds
[    0.568687] audit: initializing netlink subsys (disabled)
[    0.569347] audit: type=2000 audit(1643663653.841:1): initialized
[    0.570190] Initialise system trusted keyring
[    0.570799] HugeTLB registered 2 MB page size, pre-allocated 0 pages
[    0.572285] zbud: loaded
[    0.572978] VFS: Disk quotas dquot_6.6.0
[    0.573470] VFS: Dquot-cache hash table entries: 512 (order 0, 4096 bytes)
[    0.574345] squashfs: version 4.0 (2009/01/31) Phillip Lougher
[    0.575156] fuse init (API version 7.23)
[    0.575735] Key type big_key registered
[    0.576230] Allocating IMA MOK and blacklist keyrings.
[    0.577421] Key type asymmetric registered
[    0.578030] Asymmetric key parser 'x509' registered
[    0.578741] Block layer SCSI generic (bsg) driver version 0.4 loaded (major 249)
[    0.579804] io scheduler noop registered
[    0.580314] io scheduler deadline registered (default)
[    0.580944] io scheduler cfq registered
[    0.581490] pci_hotplug: PCI Hot Plug PCI Core version: 0.5
[    0.582135] pciehp: PCI Express Hot Plug Controller Driver version: 0.4
[    0.582922] ACPI: AC Adapter [AC] (on-line)
[    0.583487] input: Power Button as /devices/LNXSYSTM:00/LNXPWRBN:00/input/input0
[    0.584385] ACPI: Power Button [PWRF]
[    0.584893] input: Sleep Button as /devices/LNXSYSTM:00/LNXSLPBN:00/input/input1
[    0.585803] ACPI: Sleep Button [SLPF]
[    0.586394] GHES: HEST is not enabled!
[    0.586909] ACPI: Battery Slot [BAT0] (battery present)
[    0.587684] Serial: 8250/16550 driver, 32 ports, IRQ sharing enabled
[    0.608715] 00:02: ttyS0 at I/O 0x3f8 (irq = 4, base_baud = 115200) is a 16550A
[    0.611379] Linux agpgart interface v0.103
[    0.613081] loop: module loaded
[    0.613968] scsi host0: ata_piix
[    0.614482] scsi host1: ata_piix
[    0.614925] ata1: PATA max UDMA/33 cmd 0x1f0 ctl 0x3f6 bmdma 0xd000 irq 14
[    0.616034] ata2: PATA max UDMA/33 cmd 0x170 ctl 0x376 bmdma 0xd008 irq 15
[    0.616864] libphy: Fixed MDIO Bus: probed
[    0.617396] tun: Universal TUN/TAP device driver, 1.6
[    0.617972] tun: (C) 1999-2004 Max Krasnyansky <maxk@qualcomm.com>
[    0.618698] PPP generic driver version 2.4.2
[    0.619296] ehci_hcd: USB 2.0 'Enhanced' Host Controller (EHCI) Driver
[    0.620001] ehci-pci: EHCI PCI platform driver
[    0.620545] ehci-platform: EHCI generic platform driver
[    0.621169] ohci_hcd: USB 1.1 'Open' Host Controller (OHCI) Driver
[    0.621854] ohci-pci: OHCI PCI platform driver
[    0.622383] ohci-platform: OHCI generic platform driver
[    0.622979] uhci_hcd: USB Universal Host Controller Interface driver
[    0.623700] i8042: PNP: PS/2 Controller [PNP0303:PS2K,PNP0f03:PS2M] at 0x60,0x64 irq 1,12
[    0.625001] serio: i8042 KBD port at 0x60,0x64 irq 1
[    0.625581] serio: i8042 AUX port at 0x60,0x64 irq 12
[    0.626276] mousedev: PS/2 mouse device common for all mice
[    0.627107] input: AT Translated Set 2 keyboard as /devices/platform/i8042/serio0/input/input2
[    0.628411] rtc_cmos rtc_cmos: rtc core: registered rtc_cmos as rtc0
[    0.629199] rtc_cmos rtc_cmos: alarms up to one day, 114 bytes nvram
[    0.629897] i2c /dev entries driver
[    0.630381] device-mapper: uevent: version 1.0.3
[    0.630987] device-mapper: ioctl: 4.34.0-ioctl (2015-10-28) initialised: dm-devel@redhat.com
[    0.631989] ledtrig-cpu: registered to indicate activity on CPUs
[    0.632914] NET: Registered protocol family 10
[    0.633576] NET: Registered protocol family 17
[    0.634118] Key type dns_resolver registered
[    0.634881] registered taskstats version 1
[    0.635397] Loading compiled-in X.509 certificates
[    0.636350] Loaded X.509 cert 'Build time autogenerated kernel key: cf00e047681d67edb2720680708b7d9498083038'
[    0.637538] zswap: loaded using pool lzo/zbud
[    0.639191] Key type trusted registered
[    0.641473] Key type encrypted registered
[    0.642002] AppArmor: AppArmor sha1 policy hashing enabled
[    0.642618] ima: No TPM chip found, activating TPM-bypass!
[    0.643261] ima: Allocated hash algorithm: sha1
[    0.643808] evm: HMAC attrs: 0x1
[    0.644414]   Magic number: 6:695:248
[    0.644980] rtc_cmos rtc_cmos: setting system clock to 2022-01-31 21:14:09 UTC (1643663649)
[    0.646027] BIOS EDD facility v0.16 2004-Jun-25, 0 devices found
[    0.646708] EDD information not available.
[    0.799552] Freeing unused kernel memory: 1492K
[    0.800400] Write protecting the kernel read-only data: 14336k
[    0.801376] Freeing unused kernel memory: 1584K
[    0.801995] Freeing unused kernel memory: 52K
Loading, please wait...
starting version 229
[    0.810077] random: systemd-udevd: uninitialized urandom read (16 bytes read, 3 bits of entropy available)
[    0.810609] random: udevadm: uninitialized urandom read (16 bytes read, 3 bits of entropy available)
[    0.810629] random: udevadm: uninitialized urandom read (16 bytes read, 3 bits of entropy available)
[    0.814570] random: systemd-udevd: uninitialized urandom read (16 bytes read, 3 bits of entropy available)
[    0.816077] random: systemd-udevd: uninitialized urandom read (16 bytes read, 3 bits of entropy available)
[    0.817629] random: systemd-udevd: uninitialized urandom read (16 bytes read, 3 bits of entropy available)
[    0.818012] random: udevadm: uninitialized urandom read (16 bytes read, 3 bits of entropy available)
[    0.818055] random: udevadm: uninitialized urandom read (16 bytes read, 3 bits of entropy available)
[    0.818181] random: udevadm: uninitialized urandom read (16 bytes read, 3 bits of entropy available)
[    0.818229] random: udevadm: uninitialized urandom read (16 bytes read, 3 bits of entropy available)
[    0.851470] e1000: Intel(R) PRO/1000 Network Driver - version 7.3.21-k8-NAPI
[    0.852276] e1000: Copyright (c) 1999-2006 Intel Corporation.
[    0.858419] Fusion MPT base driver 3.04.20
[    0.859151] Copyright (c) 1999-2008 LSI Corporation
[    0.872082] Fusion MPT SPI Host driver 3.04.20
[    0.874207] AVX2 version of gcm_enc/dec engaged.
[    0.874782] AES CTR mode by8 optimization enabled
[    1.079545] input: ImExPS/2 Generic Explorer Mouse as /devices/platform/i8042/serio1/input/input4
[    1.358474] e1000 0000:00:03.0 eth0: (PCI:33MHz:32-bit) 02:be:82:6b:cc:1d
[    1.360326] e1000 0000:00:03.0 eth0: Intel(R) PRO/1000 Network Connection
[    1.362253] mptbase: ioc0: Initiating bringup
[    1.929106] ioc0: LSI53C1030 A0: Capabilities={Initiator}
[    4.332304] scsi host2: ioc0: LSI53C1030 A0, FwRev=00000000h, Ports=1, MaxQ=256, IRQ=20
[    6.083870] scsi 2:0:0:0: Direct-Access     VBOX     HARDDISK         1.0  PQ: 0 ANSI: 5
[    6.087326] scsi target2:0:0: Beginning Domain Validation
[    6.091849] scsi target2:0:0: Domain Validation skipping write tests
[    6.093732] scsi target2:0:0: Ending Domain Validation
[    6.094829] scsi target2:0:0: asynchronous
[    6.096071] scsi 2:0:1:0: Direct-Access     VBOX     HARDDISK         1.0  PQ: 0 ANSI: 5
[    6.097654] scsi target2:0:1: Beginning Domain Validation
[    6.098676] scsi target2:0:1: Domain Validation skipping write tests
[    6.099406] scsi target2:0:1: Ending Domain Validation
[    6.100055] scsi target2:0:1: asynchronous
[    6.102649] sd 2:0:0:0: Attached scsi generic sg0 type 0
[    6.109498] sd 2:0:0:0: [sda] 83886080 512-byte logical blocks: (42.9 GB/40.0 GiB)
[    6.110751] sd 2:0:1:0: Attached scsi generic sg1 type 0
[    6.111471] sd 2:0:1:0: [sdb] 20480 512-byte logical blocks: (10.5 MB/10.0 MiB)
[    6.112543] sd 2:0:0:0: [sda] Write Protect is off
[    6.113195] sd 2:0:0:0: [sda] Incomplete mode parameter data
[    6.113861] sd 2:0:0:0: [sda] Assuming drive cache: write through
[    6.114549] sd 2:0:1:0: [sdb] Write Protect is off
[    6.115276] sd 2:0:1:0: [sdb] Incomplete mode parameter data
[    6.115943] sd 2:0:1:0: [sdb] Assuming drive cache: write through
[    6.119869]  sda: sda1
[    6.120636] sd 2:0:0:0: [sda] Attached SCSI disk
[    6.121545] sd 2:0:1:0: [sdb] Attached SCSI disk
[    6.425736] e1000 0000:00:08.0 eth1: (PCI:33MHz:32-bit) 08:00:27:7c:a4:71
[    6.426690] e1000 0000:00:08.0 eth1: Intel(R) PRO/1000 Network Connection
[    6.428234] e1000 0000:00:08.0 enp0s8: renamed from eth1
[    6.437176] e1000 0000:00:03.0 enp0s3: renamed from eth0
Begin: Loading essential drivers ... [    7.657037] md: linear personality registered for level -1
[    7.659676] md: multipath personality registered for level -4
[    7.662170] md: raid0 personality registered for level 0
[    7.665112] md: raid1 personality registered for level 1
[    7.733699] raid6: sse2x1   gen() 16865 MB/s
[    7.807970] raid6: sse2x1   xor() 12849 MB/s
[    7.876871] raid6: sse2x2   gen() 25293 MB/s
[    7.948733] raid6: sse2x2   xor() 17026 MB/s
[    8.017261] raid6: sse2x4   gen() 25147 MB/s
[    8.084834] raid6: sse2x4   xor() 15593 MB/s
[    8.160579] raid6: avx2x1   gen() 34484 MB/s
[    8.232685] raid6: avx2x2   gen() 42824 MB/s
[    8.300831] raid6: avx2x4   gen() 41170 MB/s
[    8.301459] raid6: using algorithm avx2x2 gen() 42824 MB/s
[    8.302074] raid6: using avx2x2 recovery algorithm
[    8.303400] xor: automatically using best checksumming function:
[    8.340830]    avx       : 30699.000 MB/sec
[    8.342447] async_tx: api initialized (async)
[    8.349411] md: raid6 personality registered for level 6
[    8.350172] md: raid5 personality registered for level 5
[    8.350796] md: raid4 personality registered for level 4
[    8.355753] md: raid10 personality registered for level 10
done.
Begin: Running /scripts/init-premount ... done.
Begin: Mounting root file system ... Begin: Running /scripts/local-top ... done.
Begin: Running /scripts/local-premount ... [    8.375081] Btrfs loaded
Scanning for Btrfs filesystems
done.
Warning: fsck not present, so skipping root file system
[    8.394187] EXT4-fs (sda1): mounted filesystem with ordered data mode. Opts: (null)
done.
Begin: Running /scripts/local-bottom ... done.
Begin: Running /scripts/init-bottom ... done.
[    8.445199] systemd[1]: systemd 229 running in system mode. (+PAM +AUDIT +SELINUX +IMA +APPARMOR +SMACK +SYSVINIT +UTMP +LIBCRYPTSETUP +GCRYPT +GNUTLS +ACL +XZ -LZ4 +SECCOMP +BLKID +ELFUTILS +KMOD -IDN)
[    8.447443] systemd[1]: Detected virtualization oracle.
[    8.448054] systemd[1]: Detected architecture x86-64.

Welcome to [1mUbuntu 16.04.7 LTS[0m!

[    8.449970] systemd[1]: Set hostname to <ubuntu>.
[    8.451391] systemd[1]: Initializing machine ID from random generator.
[    8.452126] systemd[1]: Installed transient /etc/machine-id file.
[    8.522464] systemd[1]: Created slice User and Session Slice.
[[0;32m  OK  [0m] Created slice User and Session Slice.
[    8.523681] systemd[1]: Listening on Device-mapper event daemon FIFOs.
[[0;32m  OK  [0m] Listening on Device-mapper event daemon FIFOs.
[    8.524866] systemd[1]: Started Forward Password Requests to Wall Directory Watch.
[[0;32m  OK  [0m] Started Forward Password Requests to Wall Directory Watch.
[    8.526353] systemd[1]: Listening on Journal Socket (/dev/log).
[[0;32m  OK  [0m] Listening on Journal Socket (/dev/log).
[    8.527598] systemd[1]: Created slice System Slice.
[[0;32m  OK  [0m] Created slice System Slice.
[    8.528589] systemd[1]: Reached target System Time Synchronized.
[[0;32m  OK  [0m] Reached target System Time Synchronized.
[    8.536934] systemd[1]: Reached target Encrypted Volumes.
[[0;32m  OK  [0m] Reached target Encrypted Volumes.
[    8.544945] systemd[1]: Reached target User and Group Name Lookups.
[[0;32m  OK  [0m] Reached target User and Group Name Lookups.
[    8.546340] systemd[1]: Set up automount Arbitrary Executable File Formats File System Automount Point.
[[0;32m  OK  [0m] Set up automount Arbitrary Executab...ats File System Automount Point.
[    8.548032] systemd[1]: Started Trigger resolvconf update for networkd DNS.
[[0;32m  OK  [0m] Started Trigger resolvconf update for networkd DNS.
[    8.549546] systemd[1]: Created slice system-serial\x2dgetty.slice.
[[0;32m  OK  [0m] Created slice system-serial\x2dgetty.slice.
[    8.550786] systemd[1]: Listening on Syslog Socket.
[[0;32m  OK  [0m] Listening on Syslog Socket.
[    8.551749] systemd[1]: Reached target Slices.
[[0;32m  OK  [0m] Reached target Slices.
[    8.552695] systemd[1]: Listening on Journal Socket.
[[0;32m  OK  [0m] Listening on Journal Socket.
[    8.568446] systemd[1]: Starting Nameserver information manager...
         Starting Nameserver information manager...
[    8.570071] systemd[1]: Mounting Huge Pages File System...
         Mounting Huge Pages File System...
[    8.571521] systemd[1]: Starting Set console keymap...
         Starting Set console keymap...
[    8.573065] systemd[1]: Mounting POSIX Message Queue File System...
         Mounting POSIX Message Queue File System...
[    8.574373] systemd[1]: Listening on udev Control Socket.
[[0;32m  OK  [0m] Listening on udev Control Socket.
[    8.575905] systemd[1]: Mounting Debug File System...
         Mounting Debug File System...
[    8.577611] systemd[1]: Starting Uncomplicated firewall...
         Starting Uncomplicated firewall...
[    8.579025] systemd[1]: Listening on LVM2 metadata daemon socket.
[[0;32m  OK  [0m] Listening on LVM2 metadata daemon socket.
[    8.580665] systemd[1]: Starting Monitoring of LVM2 mirrors, snapshots etc. using dmeventd or progress polling...
         Starting Monitoring of LVM2 mirrors... dmeventd or progress polling...
[    8.582890] systemd[1]: Listening on udev Kernel Socket.
[[0;32m  OK  [0m] Listening on udev Kernel Socket.
[    8.584648] systemd[1]: Listening on /dev/initctl Compatibility Named Pipe.
[[0;32m  OK  [0m] Listening on /dev/initctl Compatibility Named Pipe.
[    8.586262] systemd[1]: Listening on LVM2 poll daemon socket.
[[0;32m  OK  [0m] Listening on LVM2 poll daemon socket.
[    8.587560] systemd[1]: Listening on fsck to fsckd communication Socket.
[[0;32m  OK  [0m] Listening on fsck to fsckd communication Socket.
[    8.589953] systemd[1]: Starting Create list of required static device nodes for the current kernel...
         Starting Create list of required st... nodes for the current kernel...
[    8.592626] systemd[1]: Reached target Swap.
[[0;32m  OK  [0m] Reached target Swap.
[    8.594187] systemd[1]: Starting File System Check on Root Device...
         Starting File System Check on Root Device...
[    8.596521] systemd[1]: Starting Load Kernel Modules...
         Starting Load Kernel Modules...
[    8.599406] systemd[1]: Listening on Journal Audit Socket.
[[0;32m  OK  [0m] Listening on Journal Audit Socket.
[    8.601535] systemd[1]: Starting Journal Service...
         Starting Journal Service...
[    8.603218] Loading iSCSI transport class v2.0-870.
[    8.603666] systemd[1]: Mounted Huge Pages File System.
[[0;32m  OK  [0m] Mounted Huge Pages File System.
[    8.605150] systemd[1]: Mounted POSIX Message Queue File System.
[[0;32m  OK  [0m] Mounted POSIX Message Queue File System.
[    8.606376] systemd[1]: Mounted Debug File System.
[[0;32m  OK  [0m] Mounted Debug File System.
[    8.608216] systemd[1]: Started Uncomplicated firewall.
[[0;32m  OK  [0m] Started Uncomplicated firewall.
[    8.609869] systemd[1]: Started Create list of required static device nodes for the current kernel.
[[0;32m  OK  [0m] Started Create list of required sta...ce nodes for the current kernel.
[    8.612041] systemd[1]: Started Nameserver information manager.
[[0;32m  OK  [0m] Started Nameserver information manager.
[    8.614025] iscsi: registered transport (tcp)
[    8.615033] systemd[1]: Started File System Check Daemon to report status.
[[0;32m  OK  [0m] Started File System Check Daemon to report status.
[    8.617275] systemd[1]: Started LVM2 metadata daemon.
[[0;32m  OK  [0m] Started LVM2 metadata daemon.
[    8.620035] systemd[1]: Starting Create Static Device Nodes in /dev...
         Starting Create Static Device Nodes in /dev...
[    8.626925] systemd[1]: Started File System Check on Root Device.
[[0;32m  OK  [0m] Started File System Check on Root Device.
[    8.628615] systemd[1]: Starting Remount Root and Kernel File Systems...
         Starting Remount Root and Kernel File Systems...
[    8.632360] systemd[1]: Started Create Static Device Nodes in /dev.
[[0;32m  OK  [0m] Started Create Static Device Nodes in /dev.
[    8.634097] systemd[1]: Starting udev Kernel Device Manager...
         Starting udev Kernel Device Manager...
[    8.635708] EXT4-fs (sda1): re-mounted. Opts: (null)
[    8.637257] systemd[1]: Started Remount Root and Kernel File Systems.
[[0;32m  OK  [0m] Started Remount Root and Kernel File Systems.
[    8.639210] systemd[1]: Starting udev Coldplug all Devices...
         Starting udev Coldplug all Devices...
[    8.641015] systemd[1]: Starting Load/Save Random Seed...
         Starting Load/Save Random Seed...
[    8.645411] systemd[1]: Started Journal Service.
[[0;32m  OK  [0m] Started Journal Service.
         Starting Flush Journal to Persistent Storage...
[[0;32m  OK  [0m] Started Load/Save Random Seed.
[    8.652459] systemd-journald[394]: Received request to flush runtime journal from PID 1
[[0;32m  OK  [0m] Started Flush Journal to Persistent Storage.
[    8.666569] iscsi: registered transport (iser)
[[0;32m  OK  [0m] Started Set console keymap.
[[0;32m  OK  [0m] Started Load Kernel Modules.
[[0;32m  OK  [0m] Started udev Kernel Device Manager.
         Mounting FUSE Control File System...
         Starting Apply Kernel Variables...
[[0;32m  OK  [0m] Mounted FUSE Control File System.
[[0;32m  OK  [0m] Started Apply Kernel Variables.
[[0;32m  OK  [0m] Started udev Coldplug all Devices.
[[0;32m  OK  [0m] Started Dispatch Password Requests to Console Directory Watch.
[[0;32m  OK  [0m] Started Monitoring of LVM2 mirrors,...ng dmeventd or progress polling.
[[0;32m  OK  [0m] Reached target Local File Systems (Pre).
[[0;32m  OK  [0m] Reached target Local File Systems.
         Starting Initial cloud-init job (pre-networking)...
         Starting Tell Plymouth To Write Out Runtime Data...
         Starting LSB: AppArmor initialization...
         Starting Create Volatile Files and Directories...
         Starting Set console font and keymap...
         Starting Commit a transient machine-id on disk...
[[0;32m  OK  [0m] Started Create Volatile Files and Directories.
         Starting Update UTMP about System Boot/Shutdown...
[[0;32m  OK  [0m] Started Tell Plymouth To Write Out Runtime Data.
[[0;32m  OK  [0m] Started Update UTMP about System Boot/Shutdown.
[[0;32m  OK  [0m] Started Commit a transient machine-id on disk.
[[0;32m  OK  [0m] Found device /dev/ttyS0.
[[0;32m  OK  [0m] Listening on Load/Save RF Kill Switch Status /dev/rfkill Watch.
[[0;32m  OK  [0m] Started LSB: AppArmor initialization.
         Starting Load AppArmor profiles managed internally by snapd...
[[0;32m  OK  [0m] Started Load AppArmor profiles managed internally by snapd.
[    9.310692] cloud-init[485]: Cloud-init v. 21.1-19-gbad84ad4-0ubuntu1~16.04.2 running 'init-local' at Mon, 31 Jan 2022 21:14:18 +0000. Up 9.04 seconds.
[[0;32m  OK  [0m] Started Initial cloud-init job (pre-networking).
[[0;32m  OK  [0m] Reached target Network (Pre).
         Starting Raise network interfaces...
[[0;32m  OK  [0m] Started Set console font and keymap.
[[0;32m  OK  [0m] Created slice system-getty.slice.
[[0;32m  OK  [0m] Started Raise network interfaces.
         Starting Initial cloud-init job (metadata service crawler)...
[[0;32m  OK  [0m] Reached target Network.
[   10.009508] cloud-init[951]: Cloud-init v. 21.1-19-gbad84ad4-0ubuntu1~16.04.2 running 'init' at Mon, 31 Jan 2022 21:14:18 +0000. Up 9.66 seconds.
[   10.010729] cloud-init[951]: ci-info: ++++++++++++++++++++++++++++++++++++++Net device info+++++++++++++++++++++++++++++++++++++++
[   10.011758] cloud-init[951]: ci-info: +--------+-------+----------------------------+---------------+--------+-------------------+
[   10.012784] cloud-init[951]: ci-info: | Device |   Up  |          Address           |      Mask     | Scope  |     Hw-Address    |
[   10.013794] cloud-init[951]: ci-info: +--------+-------+----------------------------+---------------+--------+-------------------+
[   10.014783] cloud-init[951]: ci-info: | enp0s3 |  True |         10.0.2.15          | 255.255.255.0 | global | 02:be:82:6b:cc:1d |
[   10.015836] cloud-init[951]: ci-info: | enp0s3 |  True | fe80::be:82ff:fe6b:cc1d/64 |       .       |  link  | 02:be:82:6b:cc:1d |
[   10.016958] cloud-init[951]: ci-info: | enp0s8 | False |             .              |       .       |   .    | 08:00:27:7c:a4:71 |
[   10.018093] cloud-init[951]: ci-info: |   lo   |  True |         127.0.0.1          |   255.0.0.0   |  host  |         .         |
[   10.019229] cloud-init[951]: ci-info: |   lo   |  True |          ::1/128           |       .       |  host  |         .         |
[   10.020220] cloud-init[951]: ci-info: +--------+-------+----------------------------+---------------+--------+-------------------+
[   10.021103] cloud-init[951]: ci-info: +++++++++++++++++++++++++++Route IPv4 info++++++++++++++++++++++++++++
[   10.021895] cloud-init[951]: ci-info: +-------+-------------+----------+---------------+-----------+-------+
[   10.022671] cloud-init[951]: ci-info: | Route | Destination | Gateway  |    Genmask    | Interface | Flags |
[   10.023471] cloud-init[951]: ci-info: +-------+-------------+----------+---------------+-----------+-------+
[   10.024299] cloud-init[951]: ci-info: |   0   |   0.0.0.0   | 10.0.2.2 |    0.0.0.0    |   enp0s3  |   UG  |
[   10.025102] cloud-init[951]: ci-info: |   1   |   10.0.2.0  | 0.0.0.0  | 255.255.255.0 |   enp0s3  |   U   |
[   10.025904] cloud-init[951]: ci-info: +-------+-------------+----------+---------------+-----------+-------+
[   10.026706] cloud-init[951]: ci-info: +++++++++++++++++++Route IPv6 info+++++++++++++++++++
[   10.027419] cloud-init[951]: ci-info: +-------+-------------+---------+-----------+-------+
[   10.028147] cloud-init[951]: ci-info: | Route | Destination | Gateway | Interface | Flags |
[   10.028847] cloud-init[951]: ci-info: +-------+-------------+---------+-----------+-------+
[   10.032349] cloud-init[951]: ci-info: |   0   |  fe80::/64  |    ::   |   enp0s3  |   U   |
[   10.033156] cloud-init[951]: ci-info: |   3   |   ff00::/8  |    ::   |   enp0s3  |   U   |
[   10.033949] cloud-init[951]: ci-info: +-------+-------------+---------+-----------+-------+
[   10.034682] cloud-init[951]: Generating public/private rsa key pair.
[   10.035289] cloud-init[951]: Your identification has been saved in /etc/ssh/ssh_host_rsa_key.
[   10.036026] cloud-init[951]: Your public key has been saved in /etc/ssh/ssh_host_rsa_key.pub.
[   10.036781] cloud-init[951]: The key fingerprint is:
[   10.037307] cloud-init[951]: SHA256:QXN3IP+pEQYMBfto6b0RrUScprxRYmSjw5//YG/G/ps root@ubuntu-xenial
[   10.038048] cloud-init[951]: The key's randomart image is:
[   10.038601] cloud-init[951]: +---[RSA 2048]----+
[   10.039105] cloud-init[951]: |        O== o..  |
[   10.039603] cloud-init[951]: |     . = *.* .   |
[   10.040148] cloud-init[951]: |      + = * +    |
[   10.040629] cloud-init[951]: |       = % o o . |
[   10.041101] cloud-init[951]: |        S + o o  |
[   10.041573] cloud-init[951]: |       o * o o   |
[   10.042042] cloud-init[951]: |        o B..    |
[   10.042510] cloud-init[951]: |         . *+  . |
[   10.042980] cloud-init[951]: |          .++.E. |
[   10.043460] cloud-init[951]: +----[SHA256]-----+
[   10.043929] cloud-init[951]: Generating public/private dsa key pair.
[   10.044507] cloud-init[951]: Your identification has been saved in /etc/ssh/ssh_host_dsa_key.
[   10.045228] cloud-init[951]: Your public key has been saved in /etc/ssh/ssh_host_dsa_key.pub.
[   10.045937] cloud-init[951]: The key fingerprint is:
[   10.046426] cloud-init[951]: SHA256:lMUCVQN/JcfdqBbLiywzBrJv/tELUhtFfmR04EC0HDA root@ubuntu-xenial
[   10.047236] cloud-init[951]: The key's randomart image is:
[   10.047807] cloud-init[951]: +---[DSA 1024]----+
[   10.048314] cloud-init[951]: |      .oEBX.*o+o.|
[   10.048800] cloud-init[951]: |        .O.O.=o o|
[   10.049286] cloud-init[951]: |        o.*.++   |
[   10.049772] cloud-init[951]: |    . .. . o=    |
[   10.050250] cloud-init[951]: |     o .S. o .   |
[   10.050730] cloud-init[951]: |    .  .=+o .    |
[   10.051217] cloud-init[951]: |     ...++.      |
[   10.051705] cloud-init[951]: |      o. o .     |
[   10.052185] cloud-init[951]: |     o... .      |
[   10.052671] cloud-init[951]: +----[SHA256]-----+
[   10.053150] cloud-init[951]: Generating public/private ecdsa key pair.
[   10.053748] cloud-init[951]: Your identification has been saved in /etc/ssh/ssh_host_ecdsa_key.
[   10.054472] cloud-init[951]: Your public key has been saved in /etc/ssh/ssh_host_ecdsa_key.pub.
[   10.055212] cloud-init[951]: The key fingerprint is:
[   10.055743] cloud-init[951]: SHA256:5Ym/gofGhKdnpGKkY2Q66a+ORuxqMWEc6PYWrhPWQSo root@ubuntu-xenial
[   10.056522] cloud-init[951]: The key's randomart image is:
[   10.057069] cloud-init[951]: +---[ECDSA 256]---+
[   10.057570] cloud-init[951]: |.                |
[   10.058074] cloud-init[951]: |.. .             |
[   10.058565] cloud-init[951]: |o +       .      |
[   10.059047] cloud-init[951]: |EB o     + .     |
[   10.059533] cloud-init[951]: |= = o.  S o      |
[   10.060026] cloud-init[951]: | X.=. +  .       |
[   10.060549] cloud-init[951]: |B+*  B o  .      |
[   10.061053] cloud-init[951]: |BBo o B o  .     |
[   10.061518] cloud-init[951]: |XB+o + . ..      |
[   10.061997] cloud-init[951]: +----[SHA256]-----+
[   10.062473] cloud-init[951]: Generating public/private ed25519 key pair.
[   10.063072] cloud-init[951]: Your identification has been saved in /etc/ssh/ssh_host_ed25519_key.
[   10.063891] cloud-init[951]: Your public key has been saved in /etc/ssh/ssh_host_ed25519_key.pub.
[   10.064782] cloud-init[951]: The key fingerprint is:
[   10.065341] cloud-init[951]: SHA256:wuf8y1ON5j0VyA4Ktc0HVYixBoEoe6iYjv2YQvOWHSg root@ubuntu-xenial
[   10.066184] cloud-init[951]: The key's randomart image is:
[   10.066780] cloud-init[951]: +--[ED25519 256]--+
[   10.067310] cloud-init[951]: |      . .o..+.o. |
[   10.067833] cloud-init[951]: |   . . . ..o..   |
[   10.068401] cloud-init[951]: |    +   . +oo .  |
[   10.068948] cloud-init[951]: |   o o . ..+ + . |
[   10.069483] cloud-init[951]: |... o o S . +o  .|
[   10.070022] cloud-init[951]: |oE . . = .  +.. .|
[   10.070557] cloud-init[951]: |+.+ o . o  + . . |
[   10.071091] cloud-init[951]: |o..* .   o. . o  |
[   10.071650] cloud-init[951]: | .+..     +o   . |
[   10.072204] cloud-init[951]: +----[SHA256]-----+
[[0;32m  OK  [0m] Started Initial cloud-init job (metadata service crawler).
[[0;32m  OK  [0m] Reached target System Initialization.
[[0;32m  OK  [0m] Started Message of the Day.
[[0;32m  OK  [0m] Started ACPI Events Check.
[[0;32m  OK  [0m] Reached target Paths.
         Starting LXD - unix socket.
[[0;32m  OK  [0m] Listening on UUID daemon activation socket.
[[0;32m  OK  [0m] Listening on ACPID Listen Socket.
[[0;32m  OK  [0m] Started Daily Cleanup of Temporary Directories.
[[0;32m  OK  [0m] Listening on D-Bus System Message Bus Socket.
         Starting Socket activation for snappy daemon.
[[0;32m  OK  [0m] Started Ubuntu Advantage update messaging.
[[0;32m  OK  [0m] Started Daily apt download activities.
[[0;32m  OK  [0m] Started Daily apt upgrade and clean activities.
[[0;32m  OK  [0m] Reached target Timers.
[[0;32m  OK  [0m] Reached target Network is Online.
         Starting iSCSI initiator daemon (iscsid)...
[[0;32m  OK  [0m] Reached target Cloud-config availability.
[[0;32m  OK  [0m] Listening on LXD - unix socket.
[[0;32m  OK  [0m] Listening on Socket activation for snappy daemon.
[[0;32m  OK  [0m] Reached target Sockets.
[[0;32m  OK  [0m] Reached target Basic System.
         Starting LSB: Record successful boot for GRUB...
[[0;32m  OK  [0m] Started ACPI event daemon.
         Starting Pollinate to seed the pseudo random number generator...
         Starting /etc/rc.local Compatibility...
[[0;32m  OK  [0m] Started Regular background program processing daemon.
         Starting System Logging Service...
         Starting Accounts Service...
[[0;32m  OK  [0m] Started Deferred execution scheduler.
         Starting Virtualbox guest utils...
         Starting LSB: MD monitoring daemon...
         Starting Login Service...
[[0;32m  OK  [0m] Started D-Bus System Message Bus.
         Starting Snap Daemon...
         Starting LXD - container startup/shutdown...
[[0;32m  OK  [0m] Started FUSE filesystem for LXC.
[[0;32m  OK  [0m] Started System Logging Service.
[[0;32m  OK  [0m] Started iSCSI initiator daemon (iscsid).
[[0;32m  OK  [0m] Started /etc/rc.local Compatibility.
         Starting Authenticate and Authorize Users to Run Privileged Tasks...
         Starting Login to default iSCSI targets...
[[0;32m  OK  [0m] Started Login Service.
[[0;32m  OK  [0m] Started Unattended Upgrades Shutdown.
[[0;32m  OK  [0m] Started LSB: Record successful boot for GRUB.
[[0;32m  OK  [0m] Started Login to default iSCSI targets.
[[0;32m  OK  [0m] Reached target Remote File Systems (Pre).
[[0;32m  OK  [0m] Reached target Remote File Systems.
         Starting LSB: daemon to balance interrupts for SMP systems...
         Starting Permit User Sessions...
         Starting LSB: automatic crash report generation...
         Starting LSB: Set the CPU Frequency Scaling governor to "ondemand"...
[[0;32m  OK  [0m] Started Permit User Sessions.
[[0;32m  OK  [0m] Started Authenticate and Authorize Users to Run Privileged Tasks.
[[0;32m  OK  [0m] Started Accounts Service.
         Starting Terminate Plymouth Boot Screen...
         Starting Hold until boot process finishes up...
[[0;32m  OK  [0m] Started Hold until boot process finishes up.
[[0;32m  OK  [0m] Started LSB: MD monitoring daemon.
[[0;32m  OK  [0m] Started Getty on tty1.
[[0;32m  OK  [0m] Started Serial Getty on ttyS0.
[[0;32m  OK  [0m] Reached target Login Prompts.
         Starting Set console scheme...
[[0;32m  OK  [0m] Started Terminate Plymouth Boot Screen.
[[0;32m  OK  [0m] Started LSB: daemon to balance interrupts for SMP systems.
[[0;32m  OK  [0m] Started Set console scheme.
[[0;32m  OK  [0m] Started LSB: Set the CPU Frequency Scaling governor to "ondemand".
[[0;32m  OK  [0m] Started LSB: automatic crash report generation.
[[0;32m  OK  [0m] Started LXD - container startup/shutdown.
[[0;32m  OK  [0m] Started Virtualbox guest utils.
[[0;32m  OK  [0m] Started Snap Daemon.
         Starting Wait until snapd is fully seeded...
[[0;32m  OK  [0m] Started Pollinate to seed the pseudo random number generator.
         Starting OpenBSD Secure Shell server...
[[0;32m  OK  [0m] Started OpenBSD Secure Shell server.
[[0;32m  OK  [0m] Created slice User Slice of vagrant.
         Starting User Manager for UID 1000...
[[0;32m  OK  [0m] Started Session 1 of user vagrant.
[[0;32m  OK  [0m] Started User Manager for UID 1000.
[[0;32m  OK  [0m] Started Wait until snapd is fully seeded.
         Starting Apply the settings specified in cloud-config...
[[0;32m  OK  [0m] Reached target Multi-User System.
[[0;32m  OK  [0m] Reached target Graphical Interface.
         Starting Update UTMP about System Runlevel Changes...
[[0;32m  OK  [0m] Started Update UTMP about System Runlevel Changes.
[   13.164852] cloud-init[1429]: Generating locales (this might take a while)...
[[0;32m  OK  [0m] Started Session 2 of user vagrant.
[   13.594576] cloud-init[1429]:   en_US.UTF-8... done
[   13.596131] cloud-init[1429]: Generation complete.
[   13.752738] cloud-init[1429]: Cloud-init v. 21.1-19-gbad84ad4-0ubuntu1~16.04.2 running 'modules:config' at Mon, 31 Jan 2022 21:14:22 +0000. Up 13.10 seconds.
[[0;32m  OK  [0m] Started Apply the settings specified in cloud-config.
         Starting Execute cloud user/final scripts...
ci-info: no authorized SSH keys fingerprints found for user ubuntu.
<14>Jan 31 21:14:22 ec2: 
<14>Jan 31 21:14:22 ec2: #############################################################
<14>Jan 31 21:14:22 ec2: -----BEGIN SSH HOST KEY FINGERPRINTS-----
<14>Jan 31 21:14:22 ec2: 1024 SHA256:lMUCVQN/JcfdqBbLiywzBrJv/tELUhtFfmR04EC0HDA root@ubuntu-xenial (DSA)
<14>Jan 31 21:14:22 ec2: 256 SHA256:5Ym/gofGhKdnpGKkY2Q66a+ORuxqMWEc6PYWrhPWQSo root@ubuntu-xenial (ECDSA)
<14>Jan 31 21:14:22 ec2: 256 SHA256:wuf8y1ON5j0VyA4Ktc0HVYixBoEoe6iYjv2YQvOWHSg root@ubuntu-xenial (ED25519)
<14>Jan 31 21:14:22 ec2: 2048 SHA256:QXN3IP+pEQYMBfto6b0RrUScprxRYmSjw5//YG/G/ps root@ubuntu-xenial (RSA)
<14>Jan 31 21:14:22 ec2: -----END SSH HOST KEY FINGERPRINTS-----
<14>Jan 31 21:14:22 ec2: #############################################################
-----BEGIN SSH HOST KEY KEYS-----
ecdsa-sha2-nistp256 AAAAE2VjZHNhLXNoYTItbmlzdHAyNTYAAAAIbmlzdHAyNTYAAABBBClURg2GTWhasZrqqqb098LEdIRGruDpveq6d5E53UPM3M/8WLcvsnVLF6uEMOd2dXDygCQdnXaZPC37gyO3sQA= root@ubuntu-xenial
ssh-ed25519 AAAAC3NzaC1lZDI1NTE5AAAAIJbN7Idlls3vMZwLxFJZthAdj7TxO/Sx+goaXEpd580L root@ubuntu-xenial
ssh-rsa AAAAB3NzaC1yc2EAAAADAQABAAABAQDAJRLMdQqtULdfn3wA31dv/jW+f3p5RQksGT2NOiCCdCPQ0rHCV7lr+l4Q+RYoTixunD8baCnh3e1Go5FvLrVWWLYtR0krBIaTg33SJhCLUDqsEb/uBjjP47/WtKUXVzLjCI4Pfylmp97TG9lVnHGDT6Yx9cybxc1aUXNeP3LTMmmfkKgCy2d6zsqQl32kT8HZlwfRrtSSPxXq1GPeVSSiJ4Rww8PRVMd6GesxBwqe5q97I+8rN/GiBtW61+zuGYiLiHj4kGOFSgX002D+l+H+CfeZEmzSTpE3ccQ1B3278TCfTxnMLWf0fLnVBRk2D8FKjNPk1VLCL1+nIMKQWo/Z root@ubuntu-xenial
-----END SSH HOST KEY KEYS-----
[   14.041119] cloud-init[1561]: Cloud-init v. 21.1-19-gbad84ad4-0ubuntu1~16.04.2 running 'modules:final' at Mon, 31 Jan 2022 21:14:22 +0000. Up 13.93 seconds.
[   14.042433] cloud-init[1561]: ci-info: no authorized SSH keys fingerprints found for user ubuntu.
[   14.043266] cloud-init[1561]: Cloud-init v. 21.1-19-gbad84ad4-0ubuntu1~16.04.2 finished at Mon, 31 Jan 2022 21:14:23 +0000. Datasource DataSourceNoCloud [seed=/dev/sdb][dsmode=net].  Up 14.03 seconds
[[0;32m  OK  [0m] Started Execute cloud user/final scripts.
[[0;32m  OK  [0m] Reached target Cloud-init target.

Ubuntu 16.04.7 LTS ubuntu-xenial ttyS0

ubuntu-xenial login: 